<?xml version="1.0" encoding="UTF-8"?>
<!-- Generated by org.testng.reporters.JUnitReportReporter -->
<testsuite hostname="Karanraj" failures="0" tests="1" name="test.SoftAssertion" time="6.619" errors="0" timestamp="2023-09-09T17:41:30 IST" skipped="0">
  <testcase classname="test.SoftAssertion" name="f" time="6.619"/>
  <system-out/>
</testsuite> <!-- test.SoftAssertion -->
