<?xml version="1.0" encoding="UTF-8"?>
<!-- Generated by org.testng.reporters.JUnitReportReporter -->
<testsuite hostname="Karanraj" failures="0" tests="1" name="assertions.AssertTrueExample" time="0.009" errors="0" timestamp="2023-08-21T18:56:22 IST" skipped="0">
  <testcase classname="assertions.AssertTrueExample" name="myTest" time="0.009"/>
  <system-out/>
</testsuite> <!-- assertions.AssertTrueExample -->
