<?xml version="1.0" encoding="UTF-8"?>
<!-- Generated by org.testng.reporters.JUnitReportReporter -->
<testsuite hostname="Karanraj" failures="0" tests="2" name="test.AnnotationsPriority" time="0.011" errors="0" timestamp="2023-09-09T16:42:13 IST" skipped="0">
  <testcase classname="test.AnnotationsPriority" name="t1" time="0.008"/>
  <system-out/>
  <testcase classname="test.AnnotationsPriority" name="t2" time="0.003"/>
  <system-out/>
</testsuite> <!-- test.AnnotationsPriority -->
